mode: set
github.com/phzfi/RIC/server/cache/cache.go:35.89,48.11 7 1
github.com/phzfi/RIC/server/cache/cache.go:55.2,55.8 1 1
github.com/phzfi/RIC/server/cache/cache.go:48.11,51.3 2 1
github.com/phzfi/RIC/server/cache/cache.go:51.3,53.3 1 1
github.com/phzfi/RIC/server/cache/cache.go:58.76,64.24 2 1
github.com/phzfi/RIC/server/cache/cache.go:68.2,73.41 5 1
github.com/phzfi/RIC/server/cache/cache.go:76.2,78.27 3 1
github.com/phzfi/RIC/server/cache/cache.go:64.24,66.3 1 0
github.com/phzfi/RIC/server/cache/cache.go:73.41,75.3 1 1
github.com/phzfi/RIC/server/cache/cache.go:81.29,85.2 3 1
github.com/phzfi/RIC/server/cache/hybridcache.go:12.88,13.31 1 1
github.com/phzfi/RIC/server/cache/hybridcache.go:21.2,21.19 1 1
github.com/phzfi/RIC/server/cache/hybridcache.go:13.31,14.54 1 1
github.com/phzfi/RIC/server/cache/hybridcache.go:14.54,15.27 1 0
github.com/phzfi/RIC/server/cache/hybridcache.go:18.4,18.21 1 0
github.com/phzfi/RIC/server/cache/hybridcache.go:15.27,17.5 1 0
github.com/phzfi/RIC/server/cache/hybridcache.go:24.86,25.31 1 1
github.com/phzfi/RIC/server/cache/hybridcache.go:25.31,27.3 1 1
github.com/phzfi/RIC/server/cache/memstore.go:9.48,16.2 2 1
github.com/phzfi/RIC/server/cache/memstore.go:20.71,23.2 2 1
github.com/phzfi/RIC/server/cache/memstore.go:25.66,27.2 1 1
github.com/phzfi/RIC/server/cache/memstore.go:29.57,33.2 3 1
github.com/phzfi/RIC/server/cache/tokenpool.go:7.44,10.25 2 1
github.com/phzfi/RIC/server/cache/tokenpool.go:14.2,14.8 1 1
github.com/phzfi/RIC/server/cache/tokenpool.go:10.25,12.3 1 1
github.com/phzfi/RIC/server/cache/tokenpool.go:17.29,19.2 1 1
github.com/phzfi/RIC/server/cache/tokenpool.go:21.29,23.2 1 1
github.com/phzfi/RIC/server/cache/diskstore.go:15.67,24.16 4 1
github.com/phzfi/RIC/server/cache/diskstore.go:28.2,29.16 2 1
github.com/phzfi/RIC/server/cache/diskstore.go:32.2,32.27 1 1
github.com/phzfi/RIC/server/cache/diskstore.go:47.2,47.10 1 1
github.com/phzfi/RIC/server/cache/diskstore.go:24.16,26.3 1 0
github.com/phzfi/RIC/server/cache/diskstore.go:29.16,31.3 1 0
github.com/phzfi/RIC/server/cache/diskstore.go:32.27,34.17 2 1
github.com/phzfi/RIC/server/cache/diskstore.go:39.3,44.26 5 1
github.com/phzfi/RIC/server/cache/diskstore.go:34.17,36.12 2 0
github.com/phzfi/RIC/server/cache/diskstore.go:52.37,54.2 1 1
github.com/phzfi/RIC/server/cache/diskstore.go:70.45,75.2 1 1
github.com/phzfi/RIC/server/cache/diskstore.go:77.73,82.8 4 1
github.com/phzfi/RIC/server/cache/diskstore.go:90.2,90.8 1 1
github.com/phzfi/RIC/server/cache/diskstore.go:82.8,85.17 3 1
github.com/phzfi/RIC/server/cache/diskstore.go:85.17,88.4 2 0
github.com/phzfi/RIC/server/cache/diskstore.go:93.64,97.12 3 1
github.com/phzfi/RIC/server/cache/diskstore.go:97.12,99.17 2 1
github.com/phzfi/RIC/server/cache/diskstore.go:102.3,104.13 3 1
github.com/phzfi/RIC/server/cache/diskstore.go:99.17,101.4 1 0
github.com/phzfi/RIC/server/cache/diskstore.go:108.49,113.10 3 1
github.com/phzfi/RIC/server/cache/diskstore.go:120.2,123.12 3 1
github.com/phzfi/RIC/server/cache/diskstore.go:129.2,129.19 1 1
github.com/phzfi/RIC/server/cache/diskstore.go:113.10,118.3 4 1
github.com/phzfi/RIC/server/cache/diskstore.go:123.12,125.17 2 1
github.com/phzfi/RIC/server/cache/diskstore.go:125.17,127.4 1 0
github.com/phzfi/RIC/server/cache/diskstore.go:132.35,134.16 2 1
github.com/phzfi/RIC/server/cache/diskstore.go:138.2,139.16 2 1
github.com/phzfi/RIC/server/cache/diskstore.go:143.2,143.28 1 1
github.com/phzfi/RIC/server/cache/diskstore.go:134.16,137.3 2 0
github.com/phzfi/RIC/server/cache/diskstore.go:139.16,142.3 2 0
github.com/phzfi/RIC/server/cache/fifo.go:3.32,5.2 1 0
github.com/phzfi/RIC/server/cache/fifo.go:12.34,12.36 0 1
github.com/phzfi/RIC/server/cache/fifo.go:14.36,16.65 1 1
github.com/phzfi/RIC/server/cache/fifo.go:28.2,30.23 3 1
github.com/phzfi/RIC/server/cache/fifo.go:16.65,20.29 2 1
github.com/phzfi/RIC/server/cache/fifo.go:23.3,25.16 3 1
github.com/phzfi/RIC/server/cache/fifo.go:20.29,22.4 1 1
github.com/phzfi/RIC/server/cache/fifo.go:33.38,35.18 1 1
github.com/phzfi/RIC/server/cache/fifo.go:39.2,43.8 4 1
github.com/phzfi/RIC/server/cache/fifo.go:35.18,36.27 1 0
github.com/phzfi/RIC/server/cache/fifo.go:46.25,48.14 2 1
github.com/phzfi/RIC/server/cache/fifo.go:51.2,51.13 1 1
github.com/phzfi/RIC/server/cache/fifo.go:48.14,50.3 1 0
github.com/phzfi/RIC/server/cache/lru.go:5.31,7.2 1 1
github.com/phzfi/RIC/server/cache/lru.go:16.26,25.2 5 1
github.com/phzfi/RIC/server/cache/lru.go:27.35,39.2 7 1
github.com/phzfi/RIC/server/cache/lru.go:41.36,48.2 4 0
github.com/phzfi/RIC/server/cache/lru.go:50.37,53.24 2 0
github.com/phzfi/RIC/server/cache/lru.go:57.2,61.8 4 0
github.com/phzfi/RIC/server/cache/lru.go:53.24,54.25 1 0
github.com/phzfi/RIC/server/cache/lru.go:64.30,66.2 1 0
github.com/phzfi/RIC/server/cache/lru.go:68.29,70.2 1 0
github.com/phzfi/RIC/server/cache/lru.go:77.24,80.2 2 0
github.com/phzfi/RIC/server/cache/operator.go:16.59,24.2 1 1
github.com/phzfi/RIC/server/cache/operator.go:26.91,31.50 3 1
github.com/phzfi/RIC/server/cache/operator.go:39.2,39.30 1 1
github.com/phzfi/RIC/server/cache/operator.go:63.2,63.8 1 1
github.com/phzfi/RIC/server/cache/operator.go:31.50,34.12 3 1
github.com/phzfi/RIC/server/cache/operator.go:34.12,35.9 1 0
github.com/phzfi/RIC/server/cache/operator.go:39.30,41.3 1 0
github.com/phzfi/RIC/server/cache/operator.go:41.3,46.56 3 1
github.com/phzfi/RIC/server/cache/operator.go:50.3,53.17 3 1
github.com/phzfi/RIC/server/cache/operator.go:57.3,60.36 3 1
github.com/phzfi/RIC/server/cache/operator.go:46.56,48.4 1 0
github.com/phzfi/RIC/server/cache/operator.go:53.17,55.4 1 0
github.com/phzfi/RIC/server/cache/operator.go:66.93,67.32 1 1
github.com/phzfi/RIC/server/cache/operator.go:73.2,73.8 1 1
github.com/phzfi/RIC/server/cache/operator.go:67.32,69.17 2 1
github.com/phzfi/RIC/server/cache/operator.go:69.17,71.4 1 0
github.com/phzfi/RIC/server/cache/to_key.go:12.49,14.32 2 1
github.com/phzfi/RIC/server/cache/to_key.go:17.2,18.27 2 1
github.com/phzfi/RIC/server/cache/to_key.go:14.32,16.3 1 1
